  unity_EOIF0GA62J7TF8D1.cpp
C:\Program Files\Microsoft Visual Studio\2022\Community\VC\Tools\MSVC\14.41.34120\include\filesystem(12): warning STL4038: The contents of <filesystem> are available only with C++17 or later.
C:\Users\olivi\GitHub\DirectX11_Zelda_Awakening\Framework_DX11\Engine\Private\Navigation.cpp(63,20): warning C4018: '<': signed 또는 unsigned가 일치하지 않습니다.
  (소스 파일 'x64/Release/unity_EOIF0GA62J7TF8D1.cpp'을(를) 컴파일하는 중)
  
C:\Users\olivi\GitHub\DirectX11_Zelda_Awakening\Framework_DX11\Engine\Private\Navigation.cpp(78,73): warning C4267: '인수': 'size_t'에서 'Engine::_int'(으)로 변환하면서 데이터가 손실될 수 있습니다.
  (소스 파일 'x64/Release/unity_EOIF0GA62J7TF8D1.cpp'을(를) 컴파일하는 중)
  
C:\Users\olivi\GitHub\DirectX11_Zelda_Awakening\Framework_DX11\Engine\Private\Renderer.cpp(28,6): warning C4244: '인수': 'FLOAT'에서 'Engine::_uint'(으)로 변환하면서 데이터가 손실될 수 있습니다.
  (소스 파일 'x64/Release/unity_EOIF0GA62J7TF8D1.cpp'을(를) 컴파일하는 중)
  
C:\Users\olivi\GitHub\DirectX11_Zelda_Awakening\Framework_DX11\Engine\Private\Renderer.cpp(30,6): warning C4244: '인수': 'FLOAT'에서 'Engine::_uint'(으)로 변환하면서 데이터가 손실될 수 있습니다.
  (소스 파일 'x64/Release/unity_EOIF0GA62J7TF8D1.cpp'을(를) 컴파일하는 중)
  
C:\Users\olivi\GitHub\DirectX11_Zelda_Awakening\Framework_DX11\Engine\Private\Renderer.cpp(32,6): warning C4244: '인수': 'FLOAT'에서 'Engine::_uint'(으)로 변환하면서 데이터가 손실될 수 있습니다.
  (소스 파일 'x64/Release/unity_EOIF0GA62J7TF8D1.cpp'을(를) 컴파일하는 중)
  
C:\Users\olivi\GitHub\DirectX11_Zelda_Awakening\Framework_DX11\Engine\Private\Renderer.cpp(34,6): warning C4244: '인수': 'FLOAT'에서 'Engine::_uint'(으)로 변환하면서 데이터가 손실될 수 있습니다.
  (소스 파일 'x64/Release/unity_EOIF0GA62J7TF8D1.cpp'을(를) 컴파일하는 중)
  
C:\Users\olivi\GitHub\DirectX11_Zelda_Awakening\Framework_DX11\Engine\Private\Renderer.cpp(36,6): warning C4244: '인수': 'FLOAT'에서 'Engine::_uint'(으)로 변환하면서 데이터가 손실될 수 있습니다.
  (소스 파일 'x64/Release/unity_EOIF0GA62J7TF8D1.cpp'을(를) 컴파일하는 중)
  
     ..\Bin\Engine.lib 라이브러리 및 ..\Bin\Engine.exp 개체를 생성하고 있습니다.
  코드를 생성하고 있습니다.
  Previous IPDB not found, fall back to full compilation.
  All 4127 functions were compiled because no usable IPDB/IOBJ from previous compilation was found.
  코드를 생성했습니다.
  Engine.vcxproj -> C:\Users\olivi\GitHub\DirectX11_Zelda_Awakening\Framework_DX11\Engine\Bin\Engine.dll
