c:\users\olivi\github\directx11_zelda_awakening\framework_dx11\engine\default\x64\release\vc143.pdb
c:\users\olivi\github\directx11_zelda_awakening\framework_dx11\engine\default\x64\release\unity_eoif0ga62j7tf8d1.obj
c:\users\olivi\github\directx11_zelda_awakening\framework_dx11\engine\bin\shader_cell.cso
c:\users\olivi\github\directx11_zelda_awakening\framework_dx11\engine\bin\shader_deferred.cso
c:\users\olivi\github\directx11_zelda_awakening\framework_dx11\engine\bin\engine.dll
c:\users\olivi\github\directx11_zelda_awakening\framework_dx11\engine\bin\engine.pdb
c:\users\olivi\github\directx11_zelda_awakening\framework_dx11\engine\default\x64\release\engine.res
c:\users\olivi\github\directx11_zelda_awakening\framework_dx11\engine\bin\engine.lib
c:\users\olivi\github\directx11_zelda_awakening\framework_dx11\engine\bin\engine.exp
c:\users\olivi\github\directx11_zelda_awakening\framework_dx11\engine\default\x64\release\engine.ipdb
c:\users\olivi\github\directx11_zelda_awakening\framework_dx11\engine\default\x64\release\engine.iobj
c:\users\olivi\github\directx11_zelda_awakening\framework_dx11\engine\default\x64\release\engine.tlog\cl.command.1.tlog
c:\users\olivi\github\directx11_zelda_awakening\framework_dx11\engine\default\x64\release\engine.tlog\cl.items.tlog
c:\users\olivi\github\directx11_zelda_awakening\framework_dx11\engine\default\x64\release\engine.tlog\cl.read.1.tlog
c:\users\olivi\github\directx11_zelda_awakening\framework_dx11\engine\default\x64\release\engine.tlog\cl.write.1.tlog
c:\users\olivi\github\directx11_zelda_awakening\framework_dx11\engine\default\x64\release\engine.tlog\fxc.command.1.tlog
c:\users\olivi\github\directx11_zelda_awakening\framework_dx11\engine\default\x64\release\engine.tlog\fxc.read.1.tlog
c:\users\olivi\github\directx11_zelda_awakening\framework_dx11\engine\default\x64\release\engine.tlog\fxc.write.1.tlog
c:\users\olivi\github\directx11_zelda_awakening\framework_dx11\engine\default\x64\release\engine.tlog\link.command.1.tlog
c:\users\olivi\github\directx11_zelda_awakening\framework_dx11\engine\default\x64\release\engine.tlog\link.read.1.tlog
c:\users\olivi\github\directx11_zelda_awakening\framework_dx11\engine\default\x64\release\engine.tlog\link.secondary.1.tlog
c:\users\olivi\github\directx11_zelda_awakening\framework_dx11\engine\default\x64\release\engine.tlog\link.write.1.tlog
c:\users\olivi\github\directx11_zelda_awakening\framework_dx11\engine\default\x64\release\engine.tlog\rc.command.1.tlog
c:\users\olivi\github\directx11_zelda_awakening\framework_dx11\engine\default\x64\release\engine.tlog\rc.read.1.tlog
c:\users\olivi\github\directx11_zelda_awakening\framework_dx11\engine\default\x64\release\engine.tlog\rc.write.1.tlog
