c:\users\olivi\github\directx11_zelda_awakening\framework_dx11\client\default\x64\release\client.pch
c:\users\olivi\github\directx11_zelda_awakening\framework_dx11\client\default\x64\release\vc143.pdb
c:\users\olivi\github\directx11_zelda_awakening\framework_dx11\client\default\x64\release\stdafx.obj
c:\users\olivi\github\directx11_zelda_awakening\framework_dx11\client\default\x64\release\bomb.obj
c:\users\olivi\github\directx11_zelda_awakening\framework_dx11\client\default\x64\release\flash_effect.obj
c:\users\olivi\github\directx11_zelda_awakening\framework_dx11\client\default\x64\release\housepot.obj
c:\users\olivi\github\directx11_zelda_awakening\framework_dx11\client\default\x64\release\level_store.obj
c:\users\olivi\github\directx11_zelda_awakening\framework_dx11\client\default\x64\release\owlstatue.obj
c:\users\olivi\github\directx11_zelda_awakening\framework_dx11\client\default\x64\release\sinkingsword.obj
c:\users\olivi\github\directx11_zelda_awakening\framework_dx11\client\default\x64\release\state_kuribo_idle.obj
c:\users\olivi\github\directx11_zelda_awakening\framework_dx11\client\default\x64\release\state_link_shield_walk.obj
c:\users\olivi\github\directx11_zelda_awakening\framework_dx11\client\default\x64\release\state_pawn_walk.obj
c:\users\olivi\github\directx11_zelda_awakening\framework_dx11\client\default\x64\release\state_toolshopkeeper_talk.obj
c:\users\olivi\github\directx11_zelda_awakening\framework_dx11\client\default\x64\release\teleport.obj
c:\users\olivi\github\directx11_zelda_awakening\framework_dx11\client\default\x64\release\2deffects.obj
c:\users\olivi\github\directx11_zelda_awakening\framework_dx11\client\default\x64\release\fadeinout.obj
c:\users\olivi\github\directx11_zelda_awakening\framework_dx11\client\default\x64\release\grass.obj
c:\users\olivi\github\directx11_zelda_awakening\framework_dx11\client\default\x64\release\link.obj
c:\users\olivi\github\directx11_zelda_awakening\framework_dx11\client\default\x64\release\monster.obj
c:\users\olivi\github\directx11_zelda_awakening\framework_dx11\client\default\x64\release\ring_effect.obj
c:\users\olivi\github\directx11_zelda_awakening\framework_dx11\client\default\x64\release\state_degutail_hurt.obj
c:\users\olivi\github\directx11_zelda_awakening\framework_dx11\client\default\x64\release\state_link_idle.obj
c:\users\olivi\github\directx11_zelda_awakening\framework_dx11\client\default\x64\release\state_octorok_walk.obj
c:\users\olivi\github\directx11_zelda_awakening\framework_dx11\client\default\x64\release\state_togezo_discover.obj
c:\users\olivi\github\directx11_zelda_awakening\framework_dx11\client\default\x64\release\sword.obj
c:\users\olivi\github\directx11_zelda_awakening\framework_dx11\client\default\x64\release\bombexplosion.obj
c:\users\olivi\github\directx11_zelda_awakening\framework_dx11\client\default\x64\release\hpui.obj
c:\users\olivi\github\directx11_zelda_awakening\framework_dx11\client\default\x64\release\level_dungeon.obj
c:\users\olivi\github\directx11_zelda_awakening\framework_dx11\client\default\x64\release\marin_state_idle.obj
c:\users\olivi\github\directx11_zelda_awakening\framework_dx11\client\default\x64\release\pawn.obj
c:\users\olivi\github\directx11_zelda_awakening\framework_dx11\client\default\x64\release\spark.obj
c:\users\olivi\github\directx11_zelda_awakening\framework_dx11\client\default\x64\release\state_link_bomb.obj
c:\users\olivi\github\directx11_zelda_awakening\framework_dx11\client\default\x64\release\state_link_stair_down.obj
c:\users\olivi\github\directx11_zelda_awakening\framework_dx11\client\default\x64\release\state_rola_idle.obj
c:\users\olivi\github\directx11_zelda_awakening\framework_dx11\client\default\x64\release\state_vegas_dead.obj
c:\users\olivi\github\directx11_zelda_awakening\framework_dx11\client\default\x64\release\togezo.obj
c:\users\olivi\github\directx11_zelda_awakening\framework_dx11\client\default\x64\release\background.obj
c:\users\olivi\github\directx11_zelda_awakening\framework_dx11\client\default\x64\release\halo_effect.obj
c:\users\olivi\github\directx11_zelda_awakening\framework_dx11\client\default\x64\release\freecamera.obj
c:\users\olivi\github\directx11_zelda_awakening\framework_dx11\client\default\x64\release\loader.obj
c:\users\olivi\github\directx11_zelda_awakening\framework_dx11\client\default\x64\release\particle_snow.obj
c:\users\olivi\github\directx11_zelda_awakening\framework_dx11\client\default\x64\release\smoke_effect.obj
c:\users\olivi\github\directx11_zelda_awakening\framework_dx11\client\default\x64\release\state_kuribo_walk.obj
c:\users\olivi\github\directx11_zelda_awakening\framework_dx11\client\default\x64\release\state_link_slash_hold.obj
c:\users\olivi\github\directx11_zelda_awakening\framework_dx11\client\default\x64\release\state_rola_demage.obj
c:\users\olivi\github\directx11_zelda_awakening\framework_dx11\client\default\x64\release\state_vegas_damage.obj
c:\users\olivi\github\directx11_zelda_awakening\framework_dx11\client\default\x64\release\tree.obj
c:\users\olivi\github\directx11_zelda_awakening\framework_dx11\client\default\x64\release\bed.obj
c:\users\olivi\github\directx11_zelda_awakening\framework_dx11\client\default\x64\release\fire_big_effect.obj
c:\users\olivi\github\directx11_zelda_awakening\framework_dx11\client\default\x64\release\itemiconui.obj
c:\users\olivi\github\directx11_zelda_awakening\framework_dx11\client\default\x64\release\lockdoor.obj
c:\users\olivi\github\directx11_zelda_awakening\framework_dx11\client\default\x64\release\npc.obj
c:\users\olivi\github\directx11_zelda_awakening\framework_dx11\client\default\x64\release\playercamera.obj
c:\users\olivi\github\directx11_zelda_awakening\framework_dx11\client\default\x64\release\squareblock.obj
c:\users\olivi\github\directx11_zelda_awakening\framework_dx11\client\default\x64\release\state_link_fall.obj
c:\users\olivi\github\directx11_zelda_awakening\framework_dx11\client\default\x64\release\state_octorok_attack.obj
c:\users\olivi\github\directx11_zelda_awakening\framework_dx11\client\default\x64\release\state_seaurchin_idle.obj
c:\users\olivi\github\directx11_zelda_awakening\framework_dx11\client\default\x64\release\state_vegas_walk_l.obj
c:\users\olivi\github\directx11_zelda_awakening\framework_dx11\client\default\x64\release\grad.obj
c:\users\olivi\github\directx11_zelda_awakening\framework_dx11\client\default\x64\release\3d_effects.obj
c:\users\olivi\github\directx11_zelda_awakening\framework_dx11\client\default\x64\release\fire_plane_effect.obj
c:\users\olivi\github\directx11_zelda_awakening\framework_dx11\client\default\x64\release\detector.obj
c:\users\olivi\github\directx11_zelda_awakening\framework_dx11\client\default\x64\release\level_test.obj
c:\users\olivi\github\directx11_zelda_awakening\framework_dx11\client\default\x64\release\onewaydoorreverse.obj
c:\users\olivi\github\directx11_zelda_awakening\framework_dx11\client\default\x64\release\seaurchin.obj
c:\users\olivi\github\directx11_zelda_awakening\framework_dx11\client\default\x64\release\state_kuribo_dead.obj
c:\users\olivi\github\directx11_zelda_awakening\framework_dx11\client\default\x64\release\state_link_shield.obj
c:\users\olivi\github\directx11_zelda_awakening\framework_dx11\client\default\x64\release\state_pawn_idle.obj
c:\users\olivi\github\directx11_zelda_awakening\framework_dx11\client\default\x64\release\state_togezo_run.obj
c:\users\olivi\github\directx11_zelda_awakening\framework_dx11\client\default\x64\release\taildungeonopen.obj
c:\users\olivi\github\directx11_zelda_awakening\framework_dx11\client\default\x64\release\dialogueui.obj
c:\users\olivi\github\directx11_zelda_awakening\framework_dx11\client\default\x64\release\interactui.obj
c:\users\olivi\github\directx11_zelda_awakening\framework_dx11\client\default\x64\release\itemui.obj
c:\users\olivi\github\directx11_zelda_awakening\framework_dx11\client\default\x64\release\mainapp.obj
c:\users\olivi\github\directx11_zelda_awakening\framework_dx11\client\default\x64\release\navdataobj.obj
c:\users\olivi\github\directx11_zelda_awakening\framework_dx11\client\default\x64\release\ripple_effect.obj
c:\users\olivi\github\directx11_zelda_awakening\framework_dx11\client\default\x64\release\state_degutail_dead.obj
c:\users\olivi\github\directx11_zelda_awakening\framework_dx11\client\default\x64\release\state_link_damage_front.obj
c:\users\olivi\github\directx11_zelda_awakening\framework_dx11\client\default\x64\release\state_link_walk.obj
c:\users\olivi\github\directx11_zelda_awakening\framework_dx11\client\default\x64\release\state_rola_push.obj
c:\users\olivi\github\directx11_zelda_awakening\framework_dx11\client\default\x64\release\state_vegas_walk_b.obj
c:\users\olivi\github\directx11_zelda_awakening\framework_dx11\client\default\x64\release\weathercock.obj
c:\users\olivi\github\directx11_zelda_awakening\framework_dx11\client\default\x64\release\animmodel.obj
c:\users\olivi\github\directx11_zelda_awakening\framework_dx11\client\default\x64\release\fire_small_effect.obj
c:\users\olivi\github\directx11_zelda_awakening\framework_dx11\client\default\x64\release\invenui.obj
c:\users\olivi\github\directx11_zelda_awakening\framework_dx11\client\default\x64\release\lockblock.obj
c:\users\olivi\github\directx11_zelda_awakening\framework_dx11\client\default\x64\release\monsterdied_effect.obj
c:\users\olivi\github\directx11_zelda_awakening\framework_dx11\client\default\x64\release\purplequartz.obj
c:\users\olivi\github\directx11_zelda_awakening\framework_dx11\client\default\x64\release\spiketile.obj
c:\users\olivi\github\directx11_zelda_awakening\framework_dx11\client\default\x64\release\state_link_carry_walk.obj
c:\users\olivi\github\directx11_zelda_awakening\framework_dx11\client\default\x64\release\state_link_throw.obj
c:\users\olivi\github\directx11_zelda_awakening\framework_dx11\client\default\x64\release\state_seaurchin_dead.obj
c:\users\olivi\github\directx11_zelda_awakening\framework_dx11\client\default\x64\release\state_vegas_walk_f.obj
c:\users\olivi\github\directx11_zelda_awakening\framework_dx11\client\default\x64\release\vegas.obj
c:\users\olivi\github\directx11_zelda_awakening\framework_dx11\client\default\x64\release\cross_effect.obj
c:\users\olivi\github\directx11_zelda_awakening\framework_dx11\client\default\x64\release\footswitch.obj
c:\users\olivi\github\directx11_zelda_awakening\framework_dx11\client\default\x64\release\degutail_04.obj
c:\users\olivi\github\directx11_zelda_awakening\framework_dx11\client\default\x64\release\lightning_effect.obj
c:\users\olivi\github\directx11_zelda_awakening\framework_dx11\client\default\x64\release\minimap.obj
c:\users\olivi\github\directx11_zelda_awakening\framework_dx11\client\default\x64\release\player_charge_slash.obj
c:\users\olivi\github\directx11_zelda_awakening\framework_dx11\client\default\x64\release\state_degutail_guard.obj
c:\users\olivi\github\directx11_zelda_awakening\framework_dx11\client\default\x64\release\state_link_get_item.obj
c:\users\olivi\github\directx11_zelda_awakening\framework_dx11\client\default\x64\release\state_octorok_dead.obj
c:\users\olivi\github\directx11_zelda_awakening\framework_dx11\client\default\x64\release\state_spark_idle.obj
c:\users\olivi\github\directx11_zelda_awakening\framework_dx11\client\default\x64\release\store_item.obj
c:\users\olivi\github\directx11_zelda_awakening\framework_dx11\client\default\x64\release\client.obj
c:\users\olivi\github\directx11_zelda_awakening\framework_dx11\client\default\x64\release\campusui.obj
c:\users\olivi\github\directx11_zelda_awakening\framework_dx11\client\default\x64\release\degutail_00.obj
c:\users\olivi\github\directx11_zelda_awakening\framework_dx11\client\default\x64\release\level_loading.obj
c:\users\olivi\github\directx11_zelda_awakening\framework_dx11\client\default\x64\release\mainui.obj
c:\users\olivi\github\directx11_zelda_awakening\framework_dx11\client\default\x64\release\octorok.obj
c:\users\olivi\github\directx11_zelda_awakening\framework_dx11\client\default\x64\release\shield.obj
c:\users\olivi\github\directx11_zelda_awakening\framework_dx11\client\default\x64\release\state_grandmaulrira_talk.obj
c:\users\olivi\github\directx11_zelda_awakening\framework_dx11\client\default\x64\release\state_link_key.obj
c:\users\olivi\github\directx11_zelda_awakening\framework_dx11\client\default\x64\release\state_pawn_jump.obj
c:\users\olivi\github\directx11_zelda_awakening\framework_dx11\client\default\x64\release\state_toolshopkeeper_attack.obj
c:\users\olivi\github\directx11_zelda_awakening\framework_dx11\client\default\x64\release\taillockstatue.obj
c:\users\olivi\github\directx11_zelda_awakening\framework_dx11\client\default\x64\release\bossdoor.obj
c:\users\olivi\github\directx11_zelda_awakening\framework_dx11\client\default\x64\release\degutail_01.obj
c:\users\olivi\github\directx11_zelda_awakening\framework_dx11\client\default\x64\release\level_logo.obj
c:\users\olivi\github\directx11_zelda_awakening\framework_dx11\client\default\x64\release\mapbackground.obj
c:\users\olivi\github\directx11_zelda_awakening\framework_dx11\client\default\x64\release\octorokrock.obj
c:\users\olivi\github\directx11_zelda_awakening\framework_dx11\client\default\x64\release\rollingspike.obj
c:\users\olivi\github\directx11_zelda_awakening\framework_dx11\client\default\x64\release\state_grandmaulrira_idle.obj
c:\users\olivi\github\directx11_zelda_awakening\framework_dx11\client\default\x64\release\state_link_push.obj
c:\users\olivi\github\directx11_zelda_awakening\framework_dx11\client\default\x64\release\state_pawn_deadfall.obj
c:\users\olivi\github\directx11_zelda_awakening\framework_dx11\client\default\x64\release\state_togezo_rebound.obj
c:\users\olivi\github\directx11_zelda_awakening\framework_dx11\client\default\x64\release\tarin.obj
c:\users\olivi\github\directx11_zelda_awakening\framework_dx11\client\default\x64\release\choicebtn.obj
c:\users\olivi\github\directx11_zelda_awakening\framework_dx11\client\default\x64\release\glow_effect.obj
c:\users\olivi\github\directx11_zelda_awakening\framework_dx11\client\default\x64\release\kuribo.obj
c:\users\olivi\github\directx11_zelda_awakening\framework_dx11\client\default\x64\release\lockblockeffect.obj
c:\users\olivi\github\directx11_zelda_awakening\framework_dx11\client\default\x64\release\particle_model.obj
c:\users\olivi\github\directx11_zelda_awakening\framework_dx11\client\default\x64\release\player_itemget_effect.obj
c:\users\olivi\github\directx11_zelda_awakening\framework_dx11\client\default\x64\release\state_degutail_idle.obj
c:\users\olivi\github\directx11_zelda_awakening\framework_dx11\client\default\x64\release\state_link_itemb.obj
c:\users\olivi\github\directx11_zelda_awakening\framework_dx11\client\default\x64\release\state_octorok_idle.obj
c:\users\olivi\github\directx11_zelda_awakening\framework_dx11\client\default\x64\release\state_togezo_damage.obj
c:\users\olivi\github\directx11_zelda_awakening\framework_dx11\client\default\x64\release\stonehinoxrock.obj
c:\users\olivi\github\directx11_zelda_awakening\framework_dx11\client\default\x64\release\conchhorn.obj
c:\users\olivi\github\directx11_zelda_awakening\framework_dx11\client\default\x64\release\crackedwall.obj
c:\users\olivi\github\directx11_zelda_awakening\framework_dx11\client\default\x64\release\level_field.obj
c:\users\olivi\github\directx11_zelda_awakening\framework_dx11\client\default\x64\release\mapui.obj
c:\users\olivi\github\directx11_zelda_awakening\framework_dx11\client\default\x64\release\particle_explosion.obj
c:\users\olivi\github\directx11_zelda_awakening\framework_dx11\client\default\x64\release\smallkey.obj
c:\users\olivi\github\directx11_zelda_awakening\framework_dx11\client\default\x64\release\state_kuribo_walk_shake.obj
c:\users\olivi\github\directx11_zelda_awakening\framework_dx11\client\default\x64\release\state_link_slash.obj
c:\users\olivi\github\directx11_zelda_awakening\framework_dx11\client\default\x64\release\state_rola_dead.obj
c:\users\olivi\github\directx11_zelda_awakening\framework_dx11\client\default\x64\release\state_toolshopkeeper_idle.obj
c:\users\olivi\github\directx11_zelda_awakening\framework_dx11\client\default\x64\release\terrain.obj
c:\users\olivi\github\directx11_zelda_awakening\framework_dx11\client\default\x64\release\cubehalfdome.obj
c:\users\olivi\github\directx11_zelda_awakening\framework_dx11\client\default\x64\release\grandmaulrira.obj
c:\users\olivi\github\directx11_zelda_awakening\framework_dx11\client\default\x64\release\land.obj
c:\users\olivi\github\directx11_zelda_awakening\framework_dx11\client\default\x64\release\lupee.obj
c:\users\olivi\github\directx11_zelda_awakening\framework_dx11\client\default\x64\release\particle_image.obj
c:\users\olivi\github\directx11_zelda_awakening\framework_dx11\client\default\x64\release\player_3d_effects.obj
c:\users\olivi\github\directx11_zelda_awakening\framework_dx11\client\default\x64\release\state_degutail_appear.obj
c:\users\olivi\github\directx11_zelda_awakening\framework_dx11\client\default\x64\release\state_link_itema.obj
c:\users\olivi\github\directx11_zelda_awakening\framework_dx11\client\default\x64\release\state_marin_talk.obj
c:\users\olivi\github\directx11_zelda_awakening\framework_dx11\client\default\x64\release\state_seaurchin_pushed.obj
c:\users\olivi\github\directx11_zelda_awakening\framework_dx11\client\default\x64\release\state_vegas_walk_r.obj
c:\users\olivi\github\directx11_zelda_awakening\framework_dx11\client\default\x64\release\toolshopkeeper.obj
c:\users\olivi\github\directx11_zelda_awakening\framework_dx11\client\default\x64\release\bladetrap.obj
c:\users\olivi\github\directx11_zelda_awakening\framework_dx11\client\default\x64\release\heartui.obj
c:\users\olivi\github\directx11_zelda_awakening\framework_dx11\client\default\x64\release\keyui.obj
c:\users\olivi\github\directx11_zelda_awakening\framework_dx11\client\default\x64\release\lupeeui.obj
c:\users\olivi\github\directx11_zelda_awakening\framework_dx11\client\default\x64\release\nonanimmodel.obj
c:\users\olivi\github\directx11_zelda_awakening\framework_dx11\client\default\x64\release\rola.obj
c:\users\olivi\github\directx11_zelda_awakening\framework_dx11\client\default\x64\release\state_degutail_walk.obj
c:\users\olivi\github\directx11_zelda_awakening\framework_dx11\client\default\x64\release\state_link_jump.obj
c:\users\olivi\github\directx11_zelda_awakening\framework_dx11\client\default\x64\release\state_pawn_damage.obj
c:\users\olivi\github\directx11_zelda_awakening\framework_dx11\client\default\x64\release\state_togezo_idle.obj
c:\users\olivi\github\directx11_zelda_awakening\framework_dx11\client\default\x64\release\tailcaveshutter.obj
c:\users\olivi\github\directx11_zelda_awakening\framework_dx11\client\default\x64\release\closedpotdoor.obj
c:\users\olivi\github\directx11_zelda_awakening\framework_dx11\client\default\x64\release\collapsetile.obj
c:\users\olivi\github\directx11_zelda_awakening\framework_dx11\client\default\x64\release\level_marinhouse.obj
c:\users\olivi\github\directx11_zelda_awakening\framework_dx11\client\default\x64\release\marin.obj
c:\users\olivi\github\directx11_zelda_awakening\framework_dx11\client\default\x64\release\player.obj
c:\users\olivi\github\directx11_zelda_awakening\framework_dx11\client\default\x64\release\spark_effect.obj
c:\users\olivi\github\directx11_zelda_awakening\framework_dx11\client\default\x64\release\state_link_carry.obj
c:\users\olivi\github\directx11_zelda_awakening\framework_dx11\client\default\x64\release\state_link_stair_up.obj
c:\users\olivi\github\directx11_zelda_awakening\framework_dx11\client\default\x64\release\state_rola_jump.obj
c:\users\olivi\github\directx11_zelda_awakening\framework_dx11\client\default\x64\release\state_vegas_idle.obj
c:\users\olivi\github\directx11_zelda_awakening\framework_dx11\client\default\x64\release\treasurebox.obj
c:\users\olivi\github\directx11_zelda_awakening\framework_dx11\client\bin\shader_vtxanimmodel.cso
c:\users\olivi\github\directx11_zelda_awakening\framework_dx11\client\bin\shader_vtxmodel.cso
c:\users\olivi\github\directx11_zelda_awakening\framework_dx11\client\bin\shader_vtxmodelinstance.cso
c:\users\olivi\github\directx11_zelda_awakening\framework_dx11\client\bin\shader_vtxnortex.cso
c:\users\olivi\github\directx11_zelda_awakening\framework_dx11\client\bin\shader_vtxpointinstance.cso
c:\users\olivi\github\directx11_zelda_awakening\framework_dx11\client\bin\shader_vtxpostex.cso
c:\users\olivi\github\directx11_zelda_awakening\framework_dx11\client\bin\shader_vtxrectinstance.cso
c:\users\olivi\github\directx11_zelda_awakening\framework_dx11\client\bin\client.exe
c:\users\olivi\github\directx11_zelda_awakening\framework_dx11\client\default\x64\release\client.ipdb
c:\users\olivi\github\directx11_zelda_awakening\framework_dx11\client\bin\client.pdb
c:\users\olivi\github\directx11_zelda_awakening\framework_dx11\client\default\x64\release\client.iobj
c:\users\olivi\github\directx11_zelda_awakening\framework_dx11\client\default\x64\release\client.res
c:\users\olivi\github\directx11_zelda_awakening\framework_dx11\client\default\x64\release\client.tlog\cl.command.1.tlog
c:\users\olivi\github\directx11_zelda_awakening\framework_dx11\client\default\x64\release\client.tlog\cl.items.tlog
c:\users\olivi\github\directx11_zelda_awakening\framework_dx11\client\default\x64\release\client.tlog\cl.read.1.tlog
c:\users\olivi\github\directx11_zelda_awakening\framework_dx11\client\default\x64\release\client.tlog\cl.write.1.tlog
c:\users\olivi\github\directx11_zelda_awakening\framework_dx11\client\default\x64\release\client.tlog\fxc.command.1.tlog
c:\users\olivi\github\directx11_zelda_awakening\framework_dx11\client\default\x64\release\client.tlog\fxc.read.1.tlog
c:\users\olivi\github\directx11_zelda_awakening\framework_dx11\client\default\x64\release\client.tlog\fxc.write.1.tlog
c:\users\olivi\github\directx11_zelda_awakening\framework_dx11\client\default\x64\release\client.tlog\link.command.1.tlog
c:\users\olivi\github\directx11_zelda_awakening\framework_dx11\client\default\x64\release\client.tlog\link.read.1.tlog
c:\users\olivi\github\directx11_zelda_awakening\framework_dx11\client\default\x64\release\client.tlog\link.secondary.1.tlog
c:\users\olivi\github\directx11_zelda_awakening\framework_dx11\client\default\x64\release\client.tlog\link.write.1.tlog
c:\users\olivi\github\directx11_zelda_awakening\framework_dx11\client\default\x64\release\client.tlog\rc.command.1.tlog
c:\users\olivi\github\directx11_zelda_awakening\framework_dx11\client\default\x64\release\client.tlog\rc.read.1.tlog
c:\users\olivi\github\directx11_zelda_awakening\framework_dx11\client\default\x64\release\client.tlog\rc.write.1.tlog
