c:\users\olivi\github\directx11_zelda_awakening\framework_dx11\engine\default\x64\debug\unity_1817gd4qomaacfi5.obj
c:\users\olivi\github\directx11_zelda_awakening\framework_dx11\engine\default\x64\debug\unity_6iukbdfojhcnezq4.obj
c:\users\olivi\github\directx11_zelda_awakening\framework_dx11\engine\default\x64\debug\unity_dzs8wle8pt2bwhrk.obj
c:\users\olivi\github\directx11_zelda_awakening\framework_dx11\engine\default\x64\debug\unity_fs7s2wd9j1diyejx.obj
c:\users\olivi\github\directx11_zelda_awakening\framework_dx11\engine\default\x64\debug\unity_yulxzb1b1asmo01q.obj
c:\users\olivi\github\directx11_zelda_awakening\framework_dx11\engine\default\x64\debug\unity_o0ihy8i7ckm67ime.obj
c:\users\olivi\github\directx11_zelda_awakening\framework_dx11\engine\default\x64\debug\unity_15ynmgt9s0dn7qu4.obj
c:\users\olivi\github\directx11_zelda_awakening\framework_dx11\engine\default\x64\debug\unity_4sto0rf6z8u2yavs.obj
c:\users\olivi\github\directx11_zelda_awakening\framework_dx11\engine\default\x64\debug\unity_voakc5a7ho0tfu9t.obj
c:\users\olivi\github\directx11_zelda_awakening\framework_dx11\engine\default\x64\debug\unity_jqmnix4qvx44wp4x.obj
c:\users\olivi\github\directx11_zelda_awakening\framework_dx11\engine\default\x64\debug\unity_kx0lgdyskls3cb1r.obj
c:\users\olivi\github\directx11_zelda_awakening\framework_dx11\engine\default\x64\debug\unity_ydxlj2puf5wtnf5x.obj
c:\users\olivi\github\directx11_zelda_awakening\framework_dx11\engine\default\x64\debug\unity_nhh51m0dm2r5ccvy.obj
c:\users\olivi\github\directx11_zelda_awakening\framework_dx11\engine\default\x64\debug\unity_lhyzkixc8gcxfnfi.obj
c:\users\olivi\github\directx11_zelda_awakening\framework_dx11\engine\default\x64\debug\unity_36soinv1493x53k9.obj
c:\users\olivi\github\directx11_zelda_awakening\framework_dx11\engine\default\x64\debug\unity_quhhpbf7ussy4ve4.obj
c:\users\olivi\github\directx11_zelda_awakening\framework_dx11\engine\default\x64\debug\vc143.pdb
c:\users\olivi\github\directx11_zelda_awakening\framework_dx11\engine\bin\shader_cell.cso
c:\users\olivi\github\directx11_zelda_awakening\framework_dx11\engine\bin\shader_deferred.cso
c:\users\olivi\github\directx11_zelda_awakening\framework_dx11\engine\default\x64\debug\engine.ilk
c:\users\olivi\github\directx11_zelda_awakening\framework_dx11\engine\bin\engine.dll
c:\users\olivi\github\directx11_zelda_awakening\framework_dx11\engine\bin\engine.pdb
c:\users\olivi\github\directx11_zelda_awakening\framework_dx11\engine\bin\engine.lib
c:\users\olivi\github\directx11_zelda_awakening\framework_dx11\engine\bin\engine.exp
c:\users\olivi\github\directx11_zelda_awakening\framework_dx11\engine\default\x64\debug\engine.res
c:\users\olivi\github\directx11_zelda_awakening\framework_dx11\engine\default\x64\debug\vc143.idb
c:\users\olivi\github\directx11_zelda_awakening\framework_dx11\engine\default\x64\debug\engine.tlog\cl.32744.write.1.tlog
c:\users\olivi\github\directx11_zelda_awakening\framework_dx11\engine\default\x64\debug\engine.tlog\cl.command.1.tlog
c:\users\olivi\github\directx11_zelda_awakening\framework_dx11\engine\default\x64\debug\engine.tlog\cl.items.tlog
c:\users\olivi\github\directx11_zelda_awakening\framework_dx11\engine\default\x64\debug\engine.tlog\cl.read.1.tlog
c:\users\olivi\github\directx11_zelda_awakening\framework_dx11\engine\default\x64\debug\engine.tlog\fxc.command.1.tlog
c:\users\olivi\github\directx11_zelda_awakening\framework_dx11\engine\default\x64\debug\engine.tlog\fxc.read.1.tlog
c:\users\olivi\github\directx11_zelda_awakening\framework_dx11\engine\default\x64\debug\engine.tlog\fxc.write.1.tlog
c:\users\olivi\github\directx11_zelda_awakening\framework_dx11\engine\default\x64\debug\engine.tlog\link.command.1.tlog
c:\users\olivi\github\directx11_zelda_awakening\framework_dx11\engine\default\x64\debug\engine.tlog\link.read.1.tlog
c:\users\olivi\github\directx11_zelda_awakening\framework_dx11\engine\default\x64\debug\engine.tlog\link.write.1.tlog
c:\users\olivi\github\directx11_zelda_awakening\framework_dx11\engine\default\x64\debug\engine.tlog\link.write.2u.tlog
c:\users\olivi\github\directx11_zelda_awakening\framework_dx11\engine\default\x64\debug\engine.tlog\rc.command.1.tlog
c:\users\olivi\github\directx11_zelda_awakening\framework_dx11\engine\default\x64\debug\engine.tlog\rc.read.1.tlog
c:\users\olivi\github\directx11_zelda_awakening\framework_dx11\engine\default\x64\debug\engine.tlog\rc.write.1.tlog
