  Bounding.cpp
  Bounding_AABB.cpp
  Bounding_OBB.cpp
  Bounding_Sphere.cpp
  Camera.cpp
  Collider.cpp
  Component.cpp
  Component_Manager.cpp
  ContainerObject.cpp
  GameInstance.cpp
  GameObject.cpp
  Level.cpp
  Level_Manager.cpp
  Mesh.cpp
  Navigation.cpp
C:\Program Files\Microsoft Visual Studio\2022\Community\VC\Tools\MSVC\14.41.34120\include\filesystem(12): warning STL4038: The contents of <filesystem> are available only with C++17 or later.
C:\Users\olivi\GitHub\DirectX11_Zelda_Awakening\Framework_DX11\Engine\Private\Navigation.cpp(63,20): warning C4018: '<': signed 또는 unsigned가 일치하지 않습니다.
C:\Users\olivi\GitHub\DirectX11_Zelda_Awakening\Framework_DX11\Engine\Private\Navigation.cpp(78,73): warning C4267: '인수': 'size_t'에서 'Engine::_int'(으)로 변환하면서 데이터가 손실될 수 있습니다.
  Picking_Manager.cpp
  State.cpp
  UI_Manager.cpp
  VIBuffer_Terrain.cpp
  UIObject.cpp
  코드를 생성하고 있습니다...
  Engine.vcxproj -> C:\Users\olivi\GitHub\DirectX11_Zelda_Awakening\Framework_DX11\Engine\Bin\Engine.dll
