c:\users\olivi\github\directx11_zelda_awakening\framework_dx11\client\default\x64\debug\client.pch
c:\users\olivi\github\directx11_zelda_awakening\framework_dx11\client\default\x64\debug\vc143.pdb
c:\users\olivi\github\directx11_zelda_awakening\framework_dx11\client\default\x64\debug\stdafx.obj
c:\users\olivi\github\directx11_zelda_awakening\framework_dx11\client\default\x64\debug\bed.obj
c:\users\olivi\github\directx11_zelda_awakening\framework_dx11\client\default\x64\debug\loader.obj
c:\users\olivi\github\directx11_zelda_awakening\framework_dx11\client\default\x64\debug\housepot.obj
c:\users\olivi\github\directx11_zelda_awakening\framework_dx11\client\default\x64\debug\state_link_throw.obj
c:\users\olivi\github\directx11_zelda_awakening\framework_dx11\client\default\x64\debug\state_toolshopkeeper_talk.obj
c:\users\olivi\github\directx11_zelda_awakening\framework_dx11\client\default\x64\debug\store_item.obj
c:\users\olivi\github\directx11_zelda_awakening\framework_dx11\client\default\x64\debug\state_link_carry.obj
c:\users\olivi\github\directx11_zelda_awakening\framework_dx11\client\default\x64\debug\level_store.obj
c:\users\olivi\github\directx11_zelda_awakening\framework_dx11\client\default\x64\debug\level_dungeon.obj
c:\users\olivi\github\directx11_zelda_awakening\framework_dx11\client\default\x64\debug\link.obj
c:\users\olivi\github\directx11_zelda_awakening\framework_dx11\client\default\x64\debug\player_3d_effects.obj
c:\users\olivi\github\directx11_zelda_awakening\framework_dx11\client\default\x64\debug\mainui.obj
c:\users\olivi\github\directx11_zelda_awakening\framework_dx11\client\default\x64\debug\bladetrap.obj
c:\users\olivi\github\directx11_zelda_awakening\framework_dx11\client\default\x64\debug\choicebtn.obj
c:\users\olivi\github\directx11_zelda_awakening\framework_dx11\client\default\x64\debug\fire_plane_effect.obj
c:\users\olivi\github\directx11_zelda_awakening\framework_dx11\client\default\x64\debug\lockdoor.obj
c:\users\olivi\github\directx11_zelda_awakening\framework_dx11\client\default\x64\debug\particle_explosion.obj
c:\users\olivi\github\directx11_zelda_awakening\framework_dx11\client\default\x64\debug\smallkey.obj
c:\users\olivi\github\directx11_zelda_awakening\framework_dx11\client\default\x64\debug\state_link_idle.obj
c:\users\olivi\github\directx11_zelda_awakening\framework_dx11\client\default\x64\debug\state_pawn_jump.obj
c:\users\olivi\github\directx11_zelda_awakening\framework_dx11\client\default\x64\debug\weathercock.obj
c:\users\olivi\github\directx11_zelda_awakening\framework_dx11\client\default\x64\debug\kuribo.obj
c:\users\olivi\github\directx11_zelda_awakening\framework_dx11\client\default\x64\debug\monsterdied_effect.obj
c:\users\olivi\github\directx11_zelda_awakening\framework_dx11\client\default\x64\debug\purplequartz.obj
c:\users\olivi\github\directx11_zelda_awakening\framework_dx11\client\default\x64\debug\state_kuribo_idle.obj
c:\users\olivi\github\directx11_zelda_awakening\framework_dx11\client\default\x64\debug\state_link_walk.obj
c:\users\olivi\github\directx11_zelda_awakening\framework_dx11\client\default\x64\debug\state_togezo_rebound.obj
c:\users\olivi\github\directx11_zelda_awakening\framework_dx11\client\default\x64\debug\tree.obj
c:\users\olivi\github\directx11_zelda_awakening\framework_dx11\client\default\x64\debug\degutail_04.obj
c:\users\olivi\github\directx11_zelda_awakening\framework_dx11\client\default\x64\debug\itemui.obj
c:\users\olivi\github\directx11_zelda_awakening\framework_dx11\client\default\x64\debug\mainapp.obj
c:\users\olivi\github\directx11_zelda_awakening\framework_dx11\client\default\x64\debug\state_degutail_hurt.obj
c:\users\olivi\github\directx11_zelda_awakening\framework_dx11\client\default\x64\debug\state_link_slash_hold.obj
c:\users\olivi\github\directx11_zelda_awakening\framework_dx11\client\default\x64\debug\state_spark_idle.obj
c:\users\olivi\github\directx11_zelda_awakening\framework_dx11\client\default\x64\debug\terrain.obj
c:\users\olivi\github\directx11_zelda_awakening\framework_dx11\client\default\x64\debug\2deffects.obj
c:\users\olivi\github\directx11_zelda_awakening\framework_dx11\client\default\x64\debug\glow_effect.obj
c:\users\olivi\github\directx11_zelda_awakening\framework_dx11\client\default\x64\debug\onewaydoorreverse.obj
c:\users\olivi\github\directx11_zelda_awakening\framework_dx11\client\default\x64\debug\state_degutail_appear.obj
c:\users\olivi\github\directx11_zelda_awakening\framework_dx11\client\default\x64\debug\state_link_itemb.obj
c:\users\olivi\github\directx11_zelda_awakening\framework_dx11\client\default\x64\debug\state_pawn_damage.obj
c:\users\olivi\github\directx11_zelda_awakening\framework_dx11\client\default\x64\debug\state_vegas_idle.obj
c:\users\olivi\github\directx11_zelda_awakening\framework_dx11\client\default\x64\debug\client.obj
c:\users\olivi\github\directx11_zelda_awakening\framework_dx11\client\default\x64\debug\bomb.obj
c:\users\olivi\github\directx11_zelda_awakening\framework_dx11\client\default\x64\debug\interactui.obj
c:\users\olivi\github\directx11_zelda_awakening\framework_dx11\client\default\x64\debug\lupeeui.obj
c:\users\olivi\github\directx11_zelda_awakening\framework_dx11\client\default\x64\debug\particle_snow.obj
c:\users\olivi\github\directx11_zelda_awakening\framework_dx11\client\default\x64\debug\squareblock.obj
c:\users\olivi\github\directx11_zelda_awakening\framework_dx11\client\default\x64\debug\state_link_shield.obj
c:\users\olivi\github\directx11_zelda_awakening\framework_dx11\client\default\x64\debug\state_togezo_damage.obj
c:\users\olivi\github\directx11_zelda_awakening\framework_dx11\client\default\x64\debug\taillockstatue.obj
c:\users\olivi\github\directx11_zelda_awakening\framework_dx11\client\default\x64\debug\dialogueui.obj
c:\users\olivi\github\directx11_zelda_awakening\framework_dx11\client\default\x64\debug\hpui.obj
c:\users\olivi\github\directx11_zelda_awakening\framework_dx11\client\default\x64\debug\lightning_effect.obj
c:\users\olivi\github\directx11_zelda_awakening\framework_dx11\client\default\x64\debug\particle_image.obj
c:\users\olivi\github\directx11_zelda_awakening\framework_dx11\client\default\x64\debug\spark_effect.obj
c:\users\olivi\github\directx11_zelda_awakening\framework_dx11\client\default\x64\debug\state_link_itema.obj
c:\users\olivi\github\directx11_zelda_awakening\framework_dx11\client\default\x64\debug\state_rola_push.obj
c:\users\olivi\github\directx11_zelda_awakening\framework_dx11\client\default\x64\debug\state_vegas_walk_l.obj
c:\users\olivi\github\directx11_zelda_awakening\framework_dx11\client\default\x64\debug\bossdoor.obj
c:\users\olivi\github\directx11_zelda_awakening\framework_dx11\client\default\x64\debug\land.obj
c:\users\olivi\github\directx11_zelda_awakening\framework_dx11\client\default\x64\debug\monster.obj
c:\users\olivi\github\directx11_zelda_awakening\framework_dx11\client\default\x64\debug\rola.obj
c:\users\olivi\github\directx11_zelda_awakening\framework_dx11\client\default\x64\debug\state_link_damage_front.obj
c:\users\olivi\github\directx11_zelda_awakening\framework_dx11\client\default\x64\debug\state_octorok_walk.obj
c:\users\olivi\github\directx11_zelda_awakening\framework_dx11\client\default\x64\debug\state_vegas_damage.obj
c:\users\olivi\github\directx11_zelda_awakening\framework_dx11\client\default\x64\debug\collapsetile.obj
c:\users\olivi\github\directx11_zelda_awakening\framework_dx11\client\default\x64\debug\fire_big_effect.obj
c:\users\olivi\github\directx11_zelda_awakening\framework_dx11\client\default\x64\debug\lupee.obj
c:\users\olivi\github\directx11_zelda_awakening\framework_dx11\client\default\x64\debug\particle_model.obj
c:\users\olivi\github\directx11_zelda_awakening\framework_dx11\client\default\x64\debug\state_degutail_guard.obj
c:\users\olivi\github\directx11_zelda_awakening\framework_dx11\client\default\x64\debug\state_link_push.obj
c:\users\olivi\github\directx11_zelda_awakening\framework_dx11\client\default\x64\debug\state_rola_idle.obj
c:\users\olivi\github\directx11_zelda_awakening\framework_dx11\client\default\x64\debug\state_vegas_walk_f.obj
c:\users\olivi\github\directx11_zelda_awakening\framework_dx11\client\default\x64\debug\conchhorn.obj
c:\users\olivi\github\directx11_zelda_awakening\framework_dx11\client\default\x64\debug\level_loading.obj
c:\users\olivi\github\directx11_zelda_awakening\framework_dx11\client\default\x64\debug\navdataobj.obj
c:\users\olivi\github\directx11_zelda_awakening\framework_dx11\client\default\x64\debug\shield.obj
c:\users\olivi\github\directx11_zelda_awakening\framework_dx11\client\default\x64\debug\state_link_fall.obj
c:\users\olivi\github\directx11_zelda_awakening\framework_dx11\client\default\x64\debug\state_seaurchin_pushed.obj
c:\users\olivi\github\directx11_zelda_awakening\framework_dx11\client\default\x64\debug\state_vegas_walk_r.obj
c:\users\olivi\github\directx11_zelda_awakening\framework_dx11\client\default\x64\debug\cubehalfdome.obj
c:\users\olivi\github\directx11_zelda_awakening\framework_dx11\client\default\x64\debug\keyui.obj
c:\users\olivi\github\directx11_zelda_awakening\framework_dx11\client\default\x64\debug\mapbackground.obj
c:\users\olivi\github\directx11_zelda_awakening\framework_dx11\client\default\x64\debug\player_itemget_effect.obj
c:\users\olivi\github\directx11_zelda_awakening\framework_dx11\client\default\x64\debug\state_kuribo_walk.obj
c:\users\olivi\github\directx11_zelda_awakening\framework_dx11\client\default\x64\debug\state_octorok_idle.obj
c:\users\olivi\github\directx11_zelda_awakening\framework_dx11\client\default\x64\debug\state_toolshopkeeper_attack.obj
c:\users\olivi\github\directx11_zelda_awakening\framework_dx11\client\default\x64\debug\toolshopkeeper.obj
c:\users\olivi\github\directx11_zelda_awakening\framework_dx11\client\default\x64\debug\degutail_01.obj
c:\users\olivi\github\directx11_zelda_awakening\framework_dx11\client\default\x64\debug\halo_effect.obj
c:\users\olivi\github\directx11_zelda_awakening\framework_dx11\client\default\x64\debug\level_test.obj
c:\users\olivi\github\directx11_zelda_awakening\framework_dx11\client\default\x64\debug\player.obj
c:\users\olivi\github\directx11_zelda_awakening\framework_dx11\client\default\x64\debug\spiketile.obj
c:\users\olivi\github\directx11_zelda_awakening\framework_dx11\client\default\x64\debug\state_link_jump.obj
c:\users\olivi\github\directx11_zelda_awakening\framework_dx11\client\default\x64\debug\state_seaurchin_idle.obj
c:\users\olivi\github\directx11_zelda_awakening\framework_dx11\client\default\x64\debug\teleport.obj
c:\users\olivi\github\directx11_zelda_awakening\framework_dx11\client\default\x64\debug\bombexplosion.obj
c:\users\olivi\github\directx11_zelda_awakening\framework_dx11\client\default\x64\debug\grass.obj
c:\users\olivi\github\directx11_zelda_awakening\framework_dx11\client\default\x64\debug\playercamera.obj
c:\users\olivi\github\directx11_zelda_awakening\framework_dx11\client\default\x64\debug\state_degutail_dead.obj
c:\users\olivi\github\directx11_zelda_awakening\framework_dx11\client\default\x64\debug\state_link_key.obj
c:\users\olivi\github\directx11_zelda_awakening\framework_dx11\client\default\x64\debug\state_rola_dead.obj
c:\users\olivi\github\directx11_zelda_awakening\framework_dx11\client\default\x64\debug\state_vegas_dead.obj
c:\users\olivi\github\directx11_zelda_awakening\framework_dx11\client\default\x64\debug\detector.obj
c:\users\olivi\github\directx11_zelda_awakening\framework_dx11\client\default\x64\debug\footswitch.obj
c:\users\olivi\github\directx11_zelda_awakening\framework_dx11\client\default\x64\debug\level_marinhouse.obj
c:\users\olivi\github\directx11_zelda_awakening\framework_dx11\client\default\x64\debug\owlstatue.obj
c:\users\olivi\github\directx11_zelda_awakening\framework_dx11\client\default\x64\debug\spark.obj
c:\users\olivi\github\directx11_zelda_awakening\framework_dx11\client\default\x64\debug\state_link_shield_walk.obj
c:\users\olivi\github\directx11_zelda_awakening\framework_dx11\client\default\x64\debug\state_seaurchin_dead.obj
c:\users\olivi\github\directx11_zelda_awakening\framework_dx11\client\default\x64\debug\stonehinoxrock.obj
c:\users\olivi\github\directx11_zelda_awakening\framework_dx11\client\default\x64\debug\background.obj
c:\users\olivi\github\directx11_zelda_awakening\framework_dx11\client\default\x64\debug\fadeinout.obj
c:\users\olivi\github\directx11_zelda_awakening\framework_dx11\client\default\x64\debug\heartui.obj
c:\users\olivi\github\directx11_zelda_awakening\framework_dx11\client\default\x64\debug\mapui.obj
c:\users\olivi\github\directx11_zelda_awakening\framework_dx11\client\default\x64\debug\rollingspike.obj
c:\users\olivi\github\directx11_zelda_awakening\framework_dx11\client\default\x64\debug\state_link_carry_walk.obj
c:\users\olivi\github\directx11_zelda_awakening\framework_dx11\client\default\x64\debug\state_pawn_idle.obj
c:\users\olivi\github\directx11_zelda_awakening\framework_dx11\client\default\x64\debug\tailcaveshutter.obj
c:\users\olivi\github\directx11_zelda_awakening\framework_dx11\client\default\x64\debug\crackedwall.obj
c:\users\olivi\github\directx11_zelda_awakening\framework_dx11\client\default\x64\debug\level_field.obj
c:\users\olivi\github\directx11_zelda_awakening\framework_dx11\client\default\x64\debug\nonanimmodel.obj
c:\users\olivi\github\directx11_zelda_awakening\framework_dx11\client\default\x64\debug\sinkingsword.obj
c:\users\olivi\github\directx11_zelda_awakening\framework_dx11\client\default\x64\debug\state_link_get_item.obj
c:\users\olivi\github\directx11_zelda_awakening\framework_dx11\client\default\x64\debug\state_pawn_deadfall.obj
c:\users\olivi\github\directx11_zelda_awakening\framework_dx11\client\default\x64\debug\state_vegas_walk_b.obj
c:\users\olivi\github\directx11_zelda_awakening\framework_dx11\client\default\x64\debug\animmodel.obj
c:\users\olivi\github\directx11_zelda_awakening\framework_dx11\client\default\x64\debug\fire_small_effect.obj
c:\users\olivi\github\directx11_zelda_awakening\framework_dx11\client\default\x64\debug\lockblock.obj
c:\users\olivi\github\directx11_zelda_awakening\framework_dx11\client\default\x64\debug\pawn.obj
c:\users\olivi\github\directx11_zelda_awakening\framework_dx11\client\default\x64\debug\state_kuribo_dead.obj
c:\users\olivi\github\directx11_zelda_awakening\framework_dx11\client\default\x64\debug\state_link_stair_up.obj
c:\users\olivi\github\directx11_zelda_awakening\framework_dx11\client\default\x64\debug\state_togezo_idle.obj
c:\users\olivi\github\directx11_zelda_awakening\framework_dx11\client\default\x64\debug\togezo.obj
c:\users\olivi\github\directx11_zelda_awakening\framework_dx11\client\default\x64\debug\campusui.obj
c:\users\olivi\github\directx11_zelda_awakening\framework_dx11\client\default\x64\debug\itemiconui.obj
c:\users\olivi\github\directx11_zelda_awakening\framework_dx11\client\default\x64\debug\ripple_effect.obj
c:\users\olivi\github\directx11_zelda_awakening\framework_dx11\client\default\x64\debug\state_link_bomb.obj
c:\users\olivi\github\directx11_zelda_awakening\framework_dx11\client\default\x64\debug\state_octorok_attack.obj
c:\users\olivi\github\directx11_zelda_awakening\framework_dx11\client\default\x64\debug\state_toolshopkeeper_idle.obj
c:\users\olivi\github\directx11_zelda_awakening\framework_dx11\client\default\x64\debug\vegas.obj
c:\users\olivi\github\directx11_zelda_awakening\framework_dx11\client\default\x64\debug\degutail_00.obj
c:\users\olivi\github\directx11_zelda_awakening\framework_dx11\client\default\x64\debug\octorokrock.obj
c:\users\olivi\github\directx11_zelda_awakening\framework_dx11\client\default\x64\debug\state_degutail_idle.obj
c:\users\olivi\github\directx11_zelda_awakening\framework_dx11\client\default\x64\debug\state_togezo_discover.obj
c:\users\olivi\github\directx11_zelda_awakening\framework_dx11\client\default\x64\debug\treasurebox.obj
c:\users\olivi\github\directx11_zelda_awakening\framework_dx11\client\default\x64\debug\cross_effect.obj
c:\users\olivi\github\directx11_zelda_awakening\framework_dx11\client\default\x64\debug\invenui.obj
c:\users\olivi\github\directx11_zelda_awakening\framework_dx11\client\default\x64\debug\npc.obj
c:\users\olivi\github\directx11_zelda_awakening\framework_dx11\client\default\x64\debug\seaurchin.obj
c:\users\olivi\github\directx11_zelda_awakening\framework_dx11\client\default\x64\debug\state_octorok_dead.obj
c:\users\olivi\github\directx11_zelda_awakening\framework_dx11\client\default\x64\debug\state_togezo_run.obj
c:\users\olivi\github\directx11_zelda_awakening\framework_dx11\client\default\x64\debug\closedpotdoor.obj
c:\users\olivi\github\directx11_zelda_awakening\framework_dx11\client\default\x64\debug\minimap.obj
c:\users\olivi\github\directx11_zelda_awakening\framework_dx11\client\default\x64\debug\ring_effect.obj
c:\users\olivi\github\directx11_zelda_awakening\framework_dx11\client\default\x64\debug\state_kuribo_walk_shake.obj
c:\users\olivi\github\directx11_zelda_awakening\framework_dx11\client\default\x64\debug\state_rola_demage.obj
c:\users\olivi\github\directx11_zelda_awakening\framework_dx11\client\default\x64\debug\sword.obj
c:\users\olivi\github\directx11_zelda_awakening\framework_dx11\client\default\x64\debug\freecamera.obj
c:\users\olivi\github\directx11_zelda_awakening\framework_dx11\client\default\x64\debug\level_logo.obj
c:\users\olivi\github\directx11_zelda_awakening\framework_dx11\client\default\x64\debug\octorok.obj
c:\users\olivi\github\directx11_zelda_awakening\framework_dx11\client\default\x64\debug\smoke_effect.obj
c:\users\olivi\github\directx11_zelda_awakening\framework_dx11\client\default\x64\debug\state_link_slash.obj
c:\users\olivi\github\directx11_zelda_awakening\framework_dx11\client\default\x64\debug\state_pawn_walk.obj
c:\users\olivi\github\directx11_zelda_awakening\framework_dx11\client\default\x64\debug\3d_effects.obj
c:\users\olivi\github\directx11_zelda_awakening\framework_dx11\client\default\x64\debug\flash_effect.obj
c:\users\olivi\github\directx11_zelda_awakening\framework_dx11\client\default\x64\debug\lockblockeffect.obj
c:\users\olivi\github\directx11_zelda_awakening\framework_dx11\client\default\x64\debug\player_charge_slash.obj
c:\users\olivi\github\directx11_zelda_awakening\framework_dx11\client\default\x64\debug\state_degutail_walk.obj
c:\users\olivi\github\directx11_zelda_awakening\framework_dx11\client\default\x64\debug\state_link_stair_down.obj
c:\users\olivi\github\directx11_zelda_awakening\framework_dx11\client\default\x64\debug\state_rola_jump.obj
c:\users\olivi\github\directx11_zelda_awakening\framework_dx11\client\default\x64\debug\taildungeonopen.obj
c:\users\olivi\github\directx11_zelda_awakening\framework_dx11\client\bin\shader_vtxanimmodel.cso
c:\users\olivi\github\directx11_zelda_awakening\framework_dx11\client\bin\shader_vtxmodelinstance.cso
c:\users\olivi\github\directx11_zelda_awakening\framework_dx11\client\bin\shader_vtxnortex.cso
c:\users\olivi\github\directx11_zelda_awakening\framework_dx11\client\bin\shader_vtxpointinstance.cso
c:\users\olivi\github\directx11_zelda_awakening\framework_dx11\client\bin\shader_vtxpostex.cso
c:\users\olivi\github\directx11_zelda_awakening\framework_dx11\client\bin\shader_vtxrectinstance.cso
c:\users\olivi\github\directx11_zelda_awakening\framework_dx11\client\bin\shader_vtxmodel.cso
c:\users\olivi\github\directx11_zelda_awakening\framework_dx11\client\bin\client.exe
c:\users\olivi\github\directx11_zelda_awakening\framework_dx11\client\bin\client.pdb
c:\users\olivi\github\directx11_zelda_awakening\framework_dx11\client\default\x64\debug\client.res
c:\users\olivi\github\directx11_zelda_awakening\framework_dx11\client\default\x64\debug\client.ilk
c:\users\olivi\github\directx11_zelda_awakening\framework_dx11\client\default\x64\debug\client.tlog\cl.command.1.tlog
c:\users\olivi\github\directx11_zelda_awakening\framework_dx11\client\default\x64\debug\client.tlog\cl.items.tlog
c:\users\olivi\github\directx11_zelda_awakening\framework_dx11\client\default\x64\debug\client.tlog\cl.read.1.tlog
c:\users\olivi\github\directx11_zelda_awakening\framework_dx11\client\default\x64\debug\client.tlog\cl.write.1.tlog
c:\users\olivi\github\directx11_zelda_awakening\framework_dx11\client\default\x64\debug\client.tlog\fxc.command.1.tlog
c:\users\olivi\github\directx11_zelda_awakening\framework_dx11\client\default\x64\debug\client.tlog\fxc.read.1.tlog
c:\users\olivi\github\directx11_zelda_awakening\framework_dx11\client\default\x64\debug\client.tlog\fxc.write.1.tlog
c:\users\olivi\github\directx11_zelda_awakening\framework_dx11\client\default\x64\debug\client.tlog\link.command.1.tlog
c:\users\olivi\github\directx11_zelda_awakening\framework_dx11\client\default\x64\debug\client.tlog\link.read.1.tlog
c:\users\olivi\github\directx11_zelda_awakening\framework_dx11\client\default\x64\debug\client.tlog\link.secondary.1.tlog
c:\users\olivi\github\directx11_zelda_awakening\framework_dx11\client\default\x64\debug\client.tlog\link.write.1.tlog
c:\users\olivi\github\directx11_zelda_awakening\framework_dx11\client\default\x64\debug\client.tlog\rc.command.1.tlog
c:\users\olivi\github\directx11_zelda_awakening\framework_dx11\client\default\x64\debug\client.tlog\rc.read.1.tlog
c:\users\olivi\github\directx11_zelda_awakening\framework_dx11\client\default\x64\debug\client.tlog\rc.write.1.tlog
